# JRE version: Java(TM) SE Runtime Environment (8.0_121-b13) (build 1.8.0_121-b13)
# Java VM: Java HotSpot(TM) 64-Bit Server VM (25.121-b13 mixed mode windows-amd64 compressed oops)
Heap:
 PSYoungGen      total 250368K, used 86754K [0x00000000ec380000, 0x00000000fc000000, 0x0000000100000000)
  eden space 247296K, 34% used [0x00000000ec380000,0x00000000f16b0f60,0x00000000fb500000)
  from space 3072K, 50% used [0x00000000fbd00000,0x00000000fbe87910,0x00000000fc000000)
  to   space 5632K, 0% used [0x00000000fb500000,0x00000000fb500000,0x00000000fba80000)
 ParOldGen       total 152064K, used 67506K [0x00000000c4a00000, 0x00000000cde80000, 0x00000000ec380000)
  object space 152064K, 44% used [0x00000000c4a00000,0x00000000c8beca48,0x00000000cde80000)
 Metaspace       used 9665K, capacity 9848K, committed 9984K, reserved 1058816K
  class space    used 1118K, capacity 1220K, committed 1280K, reserved 1048576K
GC Heap History (10 events):
Event: 18.436 GC heap before
{Heap before GC invocations=35 (full 6):
 PSYoungGen      total 250368K, used 248862K [0x00000000ec380000, 0x00000000fc000000, 0x0000000100000000)
  eden space 247296K, 100% used [0x00000000ec380000,0x00000000fb500000,0x00000000fb500000)
  from space 3072K, 50% used [0x00000000fbd00000,0x00000000fbe87910,0x00000000fc000000)
  to   space 5632K, 0% used [0x00000000fb500000,0x00000000fb500000,0x00000000fba80000)
 ParOldGen       total 139264K, used 104845K [0x00000000c4a00000, 0x00000000cd200000, 0x00000000ec380000)
  object space 139264K, 75% used [0x00000000c4a00000,0x00000000cb0637c8,0x00000000cd200000)
 Metaspace       used 9577K, capacity 9752K, committed 9984K, reserved 1058816K
  class space    used 1117K, capacity 1188K, committed 1280K, reserved 1048576K
Event: 18.446 GC heap after
Heap after GC invocations=35 (full 6):
 PSYoungGen      total 252928K, used 1566K [0x00000000ec380000, 0x00000000fc000000, 0x0000000100000000)
  eden space 247296K, 0% used [0x00000000ec380000,0x00000000ec380000,0x00000000fb500000)
  from space 5632K, 27% used [0x00000000fb500000,0x00000000fb687910,0x00000000fba80000)
  to   space 3072K, 0% used [0x00000000fbd00000,0x00000000fbd00000,0x00000000fc000000)
 ParOldGen       total 139264K, used 123506K [0x00000000c4a00000, 0x00000000cd200000, 0x00000000ec380000)
  object space 139264K, 88% used [0x00000000c4a00000,0x00000000cc29c978,0x00000000cd200000)
 Metaspace       used 9577K, capacity 9752K, committed 9984K, reserved 1058816K
  class space    used 1117K, capacity 1188K, committed 1280K, reserved 1048576K
}
Event: 18.447 GC heap before
{Heap before GC invocations=36 (full 7):
 PSYoungGen      total 252928K, used 1566K [0x00000000ec380000, 0x00000000fc000000, 0x0000000100000000)
  eden space 247296K, 0% used [0x00000000ec380000,0x00000000ec380000,0x00000000fb500000)
  from space 5632K, 27% used [0x00000000fb500000,0x00000000fb687910,0x00000000fba80000)
  to   space 3072K, 0% used [0x00000000fbd00000,0x00000000fbd00000,0x00000000fc000000)
 ParOldGen       total 139264K, used 123506K [0x00000000c4a00000, 0x00000000cd200000, 0x00000000ec380000)
  object space 139264K, 88% used [0x00000000c4a00000,0x00000000cc29c978,0x00000000cd200000)
 Metaspace       used 9577K, capacity 9752K, committed 9984K, reserved 1058816K
  class space    used 1117K, capacity 1188K, committed 1280K, reserved 1048576K
Event: 18.458 GC heap after
Heap after GC invocations=36 (full 7):
 PSYoungGen      total 252928K, used 0K [0x00000000ec380000, 0x00000000fc000000, 0x0000000100000000)
  eden space 247296K, 0% used [0x00000000ec380000,0x00000000ec380000,0x00000000fb500000)
  from space 5632K, 0% used [0x00000000fb500000,0x00000000fb500000,0x00000000fba80000)
  to   space 3072K, 0% used [0x00000000fbd00000,0x00000000fbd00000,0x00000000fc000000)
 ParOldGen       total 152064K, used 11509K [0x00000000c4a00000, 0x00000000cde80000, 0x00000000ec380000)
  object space 152064K, 7% used [0x00000000c4a00000,0x00000000c553d538,0x00000000cde80000)
 Metaspace       used 9577K, capacity 9752K, committed 9984K, reserved 1058816K
  class space    used 1117K, capacity 1188K, committed 1280K, reserved 1048576K
}
Event: 19.692 GC heap before
{Heap before GC invocations=37 (full 7):
 PSYoungGen      total 252928K, used 247296K [0x00000000ec380000, 0x00000000fc000000, 0x0000000100000000)
  eden space 247296K, 100% used [0x00000000ec380000,0x00000000fb500000,0x00000000fb500000)
  from space 5632K, 0% used [0x00000000fb500000,0x00000000fb500000,0x00000000fba80000)
  to   space 3072K, 0% used [0x00000000fbd00000,0x00000000fbd00000,0x00000000fc000000)
 ParOldGen       total 152064K, used 11509K [0x00000000c4a00000, 0x00000000cde80000, 0x00000000ec380000)
  object space 152064K, 7% used [0x00000000c4a00000,0x00000000c553d538,0x00000000cde80000)
 Metaspace       used 9581K, capacity 9752K, committed 9984K, reserved 1058816K
  class space    used 1117K, capacity 1188K, committed 1280K, reserved 1048576K
Event: 19.697 GC heap after
Heap after GC invocations=37 (full 7):
 PSYoungGen      total 250368K, used 1566K [0x00000000ec380000, 0x00000000fc000000, 0x0000000100000000)
  eden space 247296K, 0% used [0x00000000ec380000,0x00000000ec380000,0x00000000fb500000)
  from space 3072K, 50% used [0x00000000fbd00000,0x00000000fbe87910,0x00000000fc000000)
  to   space 5632K, 0% used [0x00000000fb500000,0x00000000fb500000,0x00000000fba80000)
 ParOldGen       total 152064K, used 30177K [0x00000000c4a00000, 0x00000000cde80000, 0x00000000ec380000)
  object space 152064K, 19% used [0x00000000c4a00000,0x00000000c67786e8,0x00000000cde80000)
 Metaspace       used 9581K, capacity 9752K, committed 9984K, reserved 1058816K
  class space    used 1117K, capacity 1188K, committed 1280K, reserved 1048576K
}
Event: 20.792 GC heap before
{Heap before GC invocations=38 (full 7):
 PSYoungGen      total 250368K, used 248862K [0x00000000ec380000, 0x00000000fc000000, 0x0000000100000000)
  eden space 247296K, 100% used [0x00000000ec380000,0x00000000fb500000,0x00000000fb500000)
  from space 3072K, 50% used [0x00000000fbd00000,0x00000000fbe87910,0x00000000fc000000)
  to   space 5632K, 0% used [0x00000000fb500000,0x00000000fb500000,0x00000000fba80000)
 ParOldGen       total 152064K, used 30177K [0x00000000c4a00000, 0x00000000cde80000, 0x00000000ec380000)
  object space 152064K, 19% used [0x00000000c4a00000,0x00000000c67786e8,0x00000000cde80000)
 Metaspace       used 9596K, capacity 9752K, committed 9984K, reserved 1058816K
  class space    used 1117K, capacity 1188K, committed 1280K, reserved 1048576K
Event: 20.797 GC heap after
Heap after GC invocations=38 (full 7):
 PSYoungGen      total 252928K, used 160K [0x00000000ec380000, 0x00000000fc000000, 0x0000000100000000)
  eden space 247296K, 0% used [0x00000000ec380000,0x00000000ec380000,0x00000000fb500000)
  from space 5632K, 2% used [0x00000000fb500000,0x00000000fb528000,0x00000000fba80000)
  to   space 3072K, 0% used [0x00000000fbd00000,0x00000000fbd00000,0x00000000fc000000)
 ParOldGen       total 152064K, used 48838K [0x00000000c4a00000, 0x00000000cde80000, 0x00000000ec380000)
  object space 152064K, 32% used [0x00000000c4a00000,0x00000000c79b1898,0x00000000cde80000)
 Metaspace       used 9596K, capacity 9752K, committed 9984K, reserved 1058816K
  class space    used 1117K, capacity 1188K, committed 1280K, reserved 1048576K
}
Event: 22.026 GC heap before
{Heap before GC invocations=39 (full 7):
 PSYoungGen      total 252928K, used 247456K [0x00000000ec380000, 0x00000000fc000000, 0x0000000100000000)
  eden space 247296K, 100% used [0x00000000ec380000,0x00000000fb500000,0x00000000fb500000)
  from space 5632K, 2% used [0x00000000fb500000,0x00000000fb528000,0x00000000fba80000)
  to   space 3072K, 0% used [0x00000000fbd00000,0x00000000fbd00000,0x00000000fc000000)
 ParOldGen       total 152064K, used 48838K [0x00000000c4a00000, 0x00000000cde80000, 0x00000000ec380000)
  object space 152064K, 32% used [0x00000000c4a00000,0x00000000c79b1898,0x00000000cde80000)
 Metaspace       used 9602K, capacity 9752K, committed 9984K, reserved 1058816K
  class space    used 1117K, capacity 1188K, committed 1280K, reserved 1048576K
Event: 22.031 GC heap after
Heap after GC invocations=39 (full 7):
 PSYoungGen      total 250368K, used 1566K [0x00000000ec380000, 0x00000000fc000000, 0x0000000100000000)
  eden space 247296K, 0% used [0x00000000ec380000,0x00000000ec380000,0x00000000fb500000)
  from space 3072K, 50% used [0x00000000fbd00000,0x00000000fbe87910,0x00000000fc000000)
  to   space 5632K, 0% used [0x00000000fb500000,0x00000000fb500000,0x00000000fba80000)
 ParOldGen       total 152064K, used 67506K [0x00000000c4a00000, 0x00000000cde80000, 0x00000000ec380000)
  object space 152064K, 44% used [0x00000000c4a00000,0x00000000c8beca48,0x00000000cde80000)
 Metaspace       used 9602K, capacity 9752K, committed 9984K, reserved 1058816K
  class space    used 1117K, capacity 1188K, committed 1280K, reserved 1048576K
}

